[2026-02-18T19:23:14.265Z] devInspect Result: {
  "effects": {
    "messageVersion": "v1",
    "status": {
      "status": "failure",
      "error": "InvariantViolation in command 0"
    },
    "executedEpoch": "1014",
    "gasUsed": {
      "computationCost": "1000000",
      "storageCost": "988000",
      "storageRebate": "0",
      "nonRefundableStorageFee": "0"
    },
    "modifiedAtVersions": [
      {
        "objectId": "0x69c80ebc403dfe89a9097085dc367f033a0add205633bbba50352a06404eb26e",
        "sequenceNumber": "1"
      }
    ],
    "sharedObjects": [
      {
        "objectId": "0x42eba6ff3aabf6d18530f510c386c1d0c2ffb51da5ae7313d9374de6388e6f62",
        "version": 768777374,
        "digest": "HFxGK3q3XkLjaLcBxCQnAx6vr6JJwGTmjFWH9Zj2KKYc"
      }
    ],
    "transactionDigest": "BTvcein9JQFFbhDArk9tR5tRkYh8xtB3BAMvduiot5PG",
    "mutated": [
      {
        "owner": {
          "AddressOwner": "0xd854a95802b834b5ea45d4ac5506751c67f4c61c4b11e00d0faa2d74b805bf19"
        },
        "reference": {
          "objectId": "0x69c80ebc403dfe89a9097085dc367f033a0add205633bbba50352a06404eb26e",
          "version": 768777375,
          "digest": "AvmYrwr6rmK38i5q3foYFE4ECWS7z2ziuuh8MffPtUtc"
        }
      }
    ],
    "gasObject": {
      "owner": {
        "AddressOwner": "0xd854a95802b834b5ea45d4ac5506751c67f4c61c4b11e00d0faa2d74b805bf19"
      },
      "reference": {
        "objectId": "0x69c80ebc403dfe89a9097085dc367f033a0add205633bbba50352a06404eb26e",
        "version": 768777375,
        "digest": "AvmYrwr6rmK38i5q3foYFE4ECWS7z2ziuuh8MffPtUtc"
      }
    },
    "dependencies": [
      "2SPiENZiE9T4xvbUVLYW5hSXqASWjKRxZW3ZCQYTwMcv",
      "4D6bGDR8GAgk7PSvQcGjXBSNwVDJthFKrTph8tbEcf8Z"
    ]
  },
  "events": [],
  "error": "ExecutionError: ExecutionError { inner: ExecutionErrorInner { kind: InvariantViolation, source: Some(\"unable to deserialize value to type Datatype(Datatype { abilities: [Copy, Drop, Store, ], module: ModuleId { address: 0000000000000000000000000000000000000000000000000000000000000001, name: Identifier(\\\"string\\\") }, name: Identifier(\\\"String\\\"), type_arguments: [] })\"), command: Some(0) } }"
}
[2026-02-18T19:25:10.223Z] devInspect Result: {
  "effects": {
    "messageVersion": "v1",
    "status": {
      "status": "success"
    },
    "executedEpoch": "1014",
    "gasUsed": {
      "computationCost": "1000000",
      "storageCost": "988000",
      "storageRebate": "0",
      "nonRefundableStorageFee": "0"
    },
    "modifiedAtVersions": [
      {
        "objectId": "0xf1667a9dffad76199168024f73c31d4c9f477a5705756f6fb4c3b6c028aa6372",
        "sequenceNumber": "1"
      }
    ],
    "sharedObjects": [
      {
        "objectId": "0x42eba6ff3aabf6d18530f510c386c1d0c2ffb51da5ae7313d9374de6388e6f62",
        "version": 768777374,
        "digest": "HFxGK3q3XkLjaLcBxCQnAx6vr6JJwGTmjFWH9Zj2KKYc"
      }
    ],
    "transactionDigest": "6zSKN2aDKfJXaXvKASjc4enH7hbFsYR9chH5q5grMB1f",
    "mutated": [
      {
        "owner": {
          "AddressOwner": "0xd854a95802b834b5ea45d4ac5506751c67f4c61c4b11e00d0faa2d74b805bf19"
        },
        "reference": {
          "objectId": "0xf1667a9dffad76199168024f73c31d4c9f477a5705756f6fb4c3b6c028aa6372",
          "version": 768777375,
          "digest": "9z87LEZZ3VEz1hFcgK3F3qa475vnZcAAF8CJweT2dCpA"
        }
      }
    ],
    "gasObject": {
      "owner": {
        "AddressOwner": "0xd854a95802b834b5ea45d4ac5506751c67f4c61c4b11e00d0faa2d74b805bf19"
      },
      "reference": {
        "objectId": "0xf1667a9dffad76199168024f73c31d4c9f477a5705756f6fb4c3b6c028aa6372",
        "version": 768777375,
        "digest": "9z87LEZZ3VEz1hFcgK3F3qa475vnZcAAF8CJweT2dCpA"
      }
    },
    "dependencies": [
      "2SPiENZiE9T4xvbUVLYW5hSXqASWjKRxZW3ZCQYTwMcv",
      "4D6bGDR8GAgk7PSvQcGjXBSNwVDJthFKrTph8tbEcf8Z"
    ]
  },
  "events": [],
  "results": [
    {
      "returnValues": [
        [
          [
            0
          ],
          "0x1::string::String"
        ]
      ]
    }
  ]
}
