Starting debug run...
Fetching revenue events...
Fetched 672 events.
[DEBUG] Cutoff Date: 2026-01-20T12:37:39.368Z
Event: subscription | Date: 2026-02-19T11:58:01.646+00:00 | Recent: true | Amount: 2000000000 | ValUSD: 3.0000
Event: subscription | Date: 2026-02-19T11:49:22.715+00:00 | Recent: true | Amount: 2000000000 | ValUSD: 3.0000
Event: subscription | Date: 2026-02-19T11:28:08.25+00:00 | Recent: true | Amount: 2000000000 | ValUSD: 3.0000
Event: subscription | Date: 2026-02-19T10:36:24.003+00:00 | Recent: true | Amount: 2000000000 | ValUSD: 3.0000
Event: subscription | Date: 2026-02-19T10:23:58.087+00:00 | Recent: true | Amount: 2000000000 | ValUSD: 3.0000
Event: subscription | Date: 2026-02-19T10:10:37.852+00:00 | Recent: true | Amount: 2000000000 | ValUSD: 3.0000
Event: subscription | Date: 2026-02-19T09:01:43.93+00:00 | Recent: true | Amount: 2000000000 | ValUSD: 3.0000
Event: subscription | Date: 2026-02-19T08:36:34.299+00:00 | Recent: true | Amount: 2000000000 | ValUSD: 3.0000
Event: subscription | Date: 2026-02-19T08:23:22.706+00:00 | Recent: true | Amount: 2000000000 | ValUSD: 3.0000
Event: subscription | Date: 2026-02-19T07:39:12.178+00:00 | Recent: true | Amount: 2000000000 | ValUSD: 3.0000
Event: subscription | Date: 2026-02-19T06:59:52.724+00:00 | Recent: true | Amount: 2000000000 | ValUSD: 3.0000
Event: subscription | Date: 2026-02-19T06:55:40.712+00:00 | Recent: true | Amount: 2000000000 | ValUSD: 3.0000
Event: subscription | Date: 2026-02-19T06:45:17.152+00:00 | Recent: true | Amount: 2000000000 | ValUSD: 3.0000
Event: subscription | Date: 2026-02-19T06:28:09.985+00:00 | Recent: true | Amount: 2000000000 | ValUSD: 3.0000
Event: subscription | Date: 2026-02-19T06:05:41.011+00:00 | Recent: true | Amount: 2000000000 | ValUSD: 3.0000
Event: subscription | Date: 2026-02-19T05:40:17.457+00:00 | Recent: true | Amount: 2000000000 | ValUSD: 3.0000
Event: subscription | Date: 2026-02-19T05:29:04.878+00:00 | Recent: true | Amount: 2000000000 | ValUSD: 3.0000
Event: subscription | Date: 2026-02-19T04:58:54.125+00:00 | Recent: true | Amount: 2000000000 | ValUSD: 3.0000
Event: subscription | Date: 2026-02-19T04:52:36.8+00:00 | Recent: true | Amount: 2000000000 | ValUSD: 3.0000
Event: subscription | Date: 2026-02-19T04:39:39.866+00:00 | Recent: true | Amount: 2000000000 | ValUSD: 3.0000
Event: subscription | Date: 2026-02-19T04:31:27.095+00:00 | Recent: true | Amount: 2000000000 | ValUSD: 3.0000
Event: subscription | Date: 2026-02-19T04:19:32.897+00:00 | Recent: true | Amount: 2000000000 | ValUSD: 3.0000
Event: subscription | Date: 2026-02-19T04:08:37.467+00:00 | Recent: true | Amount: 2000000000 | ValUSD: 3.0000
Event: subscription | Date: 2026-02-19T01:43:59.895+00:00 | Recent: true | Amount: 2000000000 | ValUSD: 3.0000
Event: subscription | Date: 2026-02-19T00:55:25.123+00:00 | Recent: true | Amount: 2000000000 | ValUSD: 3.0000
Event: subscription | Date: 2026-02-19T00:51:19.718+00:00 | Recent: true | Amount: 2000000000 | ValUSD: 3.0000
Event: subscription | Date: 2026-02-19T00:34:00.458+00:00 | Recent: true | Amount: 2000000000 | ValUSD: 3.0000
Event: subscription | Date: 2026-02-19T00:30:19.874+00:00 | Recent: true | Amount: 2000000000 | ValUSD: 3.0000
Event: subscription | Date: 2026-02-18T23:58:19.935+00:00 | Recent: true | Amount: 2000000000 | ValUSD: 3.0000
Event: subscription | Date: 2026-02-18T23:23:00.02+00:00 | Recent: true | Amount: 2000000000 | ValUSD: 3.0000
Event: subscription | Date: 2026-02-18T22:47:17.707+00:00 | Recent: true | Amount: 2000000000 | ValUSD: 3.0000
Event: subscription | Date: 2026-02-18T22:25:28.15+00:00 | Recent: true | Amount: 2000000000 | ValUSD: 3.0000
Event: subscription | Date: 2026-02-18T22:23:44.801+00:00 | Recent: true | Amount: 2000000000 | ValUSD: 3.0000
Event: subscription | Date: 2026-02-18T22:04:03.994+00:00 | Recent: true | Amount: 2000000000 | ValUSD: 3.0000
Event: subscription | Date: 2026-02-18T21:46:22.538+00:00 | Recent: true | Amount: 2000000000 | ValUSD: 3.0000
Event: subscription | Date: 2026-02-18T21:32:19.92+00:00 | Recent: true | Amount: 2000000000 | ValUSD: 3.0000
Event: subscription | Date: 2026-02-18T21:16:18.318+00:00 | Recent: true | Amount: 2000000000 | ValUSD: 3.0000
Event: subscription | Date: 2026-02-18T13:38:10.144+00:00 | Recent: true | Amount: 2000000000 | ValUSD: 3.0000
Event: subscription | Date: 2026-02-18T01:44:31.051+00:00 | Recent: true | Amount: 2000000000 | ValUSD: 3.0000
Event: subscription | Date: 2026-02-17T08:23:38.075+00:00 | Recent: true | Amount: 2000000000 | ValUSD: 3.0000
Event: subscription | Date: 2026-02-17T04:34:08.964+00:00 | Recent: true | Amount: 2000000000 | ValUSD: 3.0000
Event: subscription | Date: 2026-02-17T02:55:49.322+00:00 | Recent: true | Amount: 2000000000 | ValUSD: 3.0000
Event: subscription | Date: 2026-02-17T00:26:17.45+00:00 | Recent: true | Amount: 2000000000 | ValUSD: 3.0000
Event: subscription | Date: 2026-02-16T22:05:37.725+00:00 | Recent: true | Amount: 2000000000 | ValUSD: 3.0000
Event: subscription | Date: 2026-02-16T21:21:14.052+00:00 | Recent: true | Amount: 2000000000 | ValUSD: 3.0000
Event: subscription | Date: 2026-02-16T20:27:26.661+00:00 | Recent: true | Amount: 2000000000 | ValUSD: 3.0000
Event: subscription | Date: 2026-02-16T19:41:38.41+00:00 | Recent: true | Amount: 2000000000 | ValUSD: 3.0000
Event: subscription | Date: 2026-02-16T19:35:11.785+00:00 | Recent: true | Amount: 2000000000 | ValUSD: 3.0000
Event: subscription | Date: 2026-02-16T13:34:11.481+00:00 | Recent: true | Amount: 2000000000 | ValUSD: 3.0000
Event: subscription | Date: 2026-02-16T12:48:19.401+00:00 | Recent: true | Amount: 2000000000 | ValUSD: 3.0000
Event: subscription | Date: 2026-02-16T12:05:12.571+00:00 | Recent: true | Amount: 2000000000 | ValUSD: 3.0000
Event: subscription | Date: 2026-02-16T11:39:49.937+00:00 | Recent: true | Amount: 2000000000 | ValUSD: 3.0000
Event: subscription | Date: 2026-02-16T11:32:54.316+00:00 | Recent: true | Amount: 2000000000 | ValUSD: 3.0000
Event: subscription | Date: 2026-02-16T11:31:48.07+00:00 | Recent: true | Amount: 2000000000 | ValUSD: 3.0000
Event: subscription | Date: 2026-02-16T11:19:31.084+00:00 | Recent: true | Amount: 2000000000 | ValUSD: 3.0000
Event: subscription | Date: 2026-02-16T10:54:13.537+00:00 | Recent: true | Amount: 2000000000 | ValUSD: 3.0000
Event: subscription | Date: 2026-02-16T09:48:47.422+00:00 | Recent: true | Amount: 2000000000 | ValUSD: 3.0000
Event: subscription | Date: 2026-02-16T09:25:22.475+00:00 | Recent: true | Amount: 2000000000 | ValUSD: 3.0000
Event: subscription | Date: 2026-02-16T06:34:54.891+00:00 | Recent: true | Amount: 2000000000 | ValUSD: 3.0000
Event: subscription | Date: 2026-02-16T05:27:57.519+00:00 | Recent: true | Amount: 2000000000 | ValUSD: 3.0000
Event: subscription | Date: 2026-02-16T04:45:41.999+00:00 | Recent: true | Amount: 2000000000 | ValUSD: 3.0000
Event: subscription | Date: 2026-02-16T04:44:28.171+00:00 | Recent: true | Amount: 2000000000 | ValUSD: 3.0000
Event: subscription | Date: 2026-02-16T02:42:35.786+00:00 | Recent: true | Amount: 2000000000 | ValUSD: 3.0000
Event: subscription | Date: 2026-02-16T00:17:34.975+00:00 | Recent: true | Amount: 2000000000 | ValUSD: 3.0000
Event: subscription | Date: 2026-02-15T22:42:10.871+00:00 | Recent: true | Amount: 2000000000 | ValUSD: 3.0000
Event: subscription | Date: 2026-02-15T22:03:50.478+00:00 | Recent: true | Amount: 2000000000 | ValUSD: 3.0000
Event: subscription | Date: 2026-02-15T22:00:25.366+00:00 | Recent: true | Amount: 2000000000 | ValUSD: 3.0000
Event: subscription | Date: 2026-02-15T20:31:14.698+00:00 | Recent: true | Amount: 2000000000 | ValUSD: 3.0000
Event: subscription | Date: 2026-02-15T19:53:19.52+00:00 | Recent: true | Amount: 2000000000 | ValUSD: 3.0000
Event: subscription | Date: 2026-02-15T18:22:57.521+00:00 | Recent: true | Amount: 2000000000 | ValUSD: 3.0000
Event: subscription | Date: 2026-02-15T17:37:17.333+00:00 | Recent: true | Amount: 2000000000 | ValUSD: 3.0000
Event: subscription | Date: 2026-02-15T17:30:47.05+00:00 | Recent: true | Amount: 2000000000 | ValUSD: 3.0000
Event: subscription | Date: 2026-02-15T17:20:26.255+00:00 | Recent: true | Amount: 2000000000 | ValUSD: 3.0000
Event: subscription | Date: 2026-02-15T17:05:20.471+00:00 | Recent: true | Amount: 2000000000 | ValUSD: 3.0000
Event: subscription | Date: 2026-02-15T16:24:09.626+00:00 | Recent: true | Amount: 2000000000 | ValUSD: 3.0000
Event: subscription | Date: 2026-02-15T16:17:58.713+00:00 | Recent: true | Amount: 2000000000 | ValUSD: 3.0000
Event: subscription | Date: 2026-02-15T15:39:13.031+00:00 | Recent: true | Amount: 2000000000 | ValUSD: 3.0000
Event: subscription | Date: 2026-02-15T15:22:36.7+00:00 | Recent: true | Amount: 2000000000 | ValUSD: 3.0000
Event: subscription | Date: 2026-02-15T14:16:06.577+00:00 | Recent: true | Amount: 2000000000 | ValUSD: 3.0000
Event: subscription | Date: 2026-02-15T13:11:11.778+00:00 | Recent: true | Amount: 2000000000 | ValUSD: 3.0000
Event: subscription | Date: 2026-02-15T12:32:54.359+00:00 | Recent: true | Amount: 2000000000 | ValUSD: 3.0000
Event: subscription | Date: 2026-02-15T12:19:43.432+00:00 | Recent: true | Amount: 2000000000 | ValUSD: 3.0000
Event: subscription | Date: 2026-02-15T12:16:17.463+00:00 | Recent: true | Amount: 2000000000 | ValUSD: 3.0000
Event: subscription | Date: 2026-02-15T10:38:15.659+00:00 | Recent: true | Amount: 2000000000 | ValUSD: 3.0000
Event: subscription | Date: 2026-02-15T10:29:23.195+00:00 | Recent: true | Amount: 2000000000 | ValUSD: 3.0000
Event: subscription | Date: 2026-02-15T09:55:15.393+00:00 | Recent: true | Amount: 2000000000 | ValUSD: 3.0000
Event: subscription | Date: 2026-02-15T09:13:34.527+00:00 | Recent: true | Amount: 2000000000 | ValUSD: 3.0000
Event: subscription | Date: 2026-02-15T07:04:40.68+00:00 | Recent: true | Amount: 2000000000 | ValUSD: 3.0000
Event: subscription | Date: 2026-02-15T04:15:40.583+00:00 | Recent: true | Amount: 2000000000 | ValUSD: 3.0000
Event: subscription | Date: 2026-02-15T04:05:01.047+00:00 | Recent: true | Amount: 2000000000 | ValUSD: 3.0000
Event: subscription | Date: 2026-02-15T02:26:15.641+00:00 | Recent: true | Amount: 2000000000 | ValUSD: 3.0000
Event: subscription | Date: 2026-02-14T23:47:29.5+00:00 | Recent: true | Amount: 2000000000 | ValUSD: 3.0000
Event: subscription | Date: 2026-02-14T20:37:31.904+00:00 | Recent: true | Amount: 2000000000 | ValUSD: 3.0000
Event: subscription | Date: 2026-02-14T20:09:04.661+00:00 | Recent: true | Amount: 2000000000 | ValUSD: 3.0000
Event: subscription | Date: 2026-02-14T19:12:49.205+00:00 | Recent: true | Amount: 2000000000 | ValUSD: 3.0000
Event: subscription | Date: 2026-02-14T16:25:02.064+00:00 | Recent: true | Amount: 2000000000 | ValUSD: 3.0000
Event: subscription | Date: 2026-02-14T16:24:32.765+00:00 | Recent: true | Amount: 2000000000 | ValUSD: 3.0000
Event: subscription | Date: 2026-02-14T16:24:01.717+00:00 | Recent: true | Amount: 2000000000 | ValUSD: 3.0000
Event: subscription | Date: 2026-02-14T16:23:14.256+00:00 | Recent: true | Amount: 2000000000 | ValUSD: 3.0000
Event: subscription | Date: 2026-02-14T16:22:41.34+00:00 | Recent: true | Amount: 2000000000 | ValUSD: 3.0000
Event: subscription | Date: 2026-02-14T16:22:13.429+00:00 | Recent: true | Amount: 2000000000 | ValUSD: 3.0000
Event: subscription | Date: 2026-02-14T16:21:53.175+00:00 | Recent: true | Amount: 2000000000 | ValUSD: 3.0000
Event: subscription | Date: 2026-02-14T16:21:33.6+00:00 | Recent: true | Amount: 2000000000 | ValUSD: 3.0000
Event: subscription | Date: 2026-02-14T16:21:07.449+00:00 | Recent: true | Amount: 2000000000 | ValUSD: 3.0000
Event: subscription | Date: 2026-02-14T16:20:27.725+00:00 | Recent: true | Amount: 2000000000 | ValUSD: 3.0000
Event: subscription | Date: 2026-02-14T16:19:58.14+00:00 | Recent: true | Amount: 2000000000 | ValUSD: 3.0000
Event: subscription | Date: 2026-02-14T16:19:28.705+00:00 | Recent: true | Amount: 2000000000 | ValUSD: 3.0000
Event: subscription | Date: 2026-02-14T16:19:08.721+00:00 | Recent: true | Amount: 2000000000 | ValUSD: 3.0000
Event: subscription | Date: 2026-02-14T16:18:44.542+00:00 | Recent: true | Amount: 2000000000 | ValUSD: 3.0000
Event: subscription | Date: 2026-02-14T16:18:33.134+00:00 | Recent: true | Amount: 2000000000 | ValUSD: 3.0000
Event: subscription | Date: 2026-02-14T16:17:38.583+00:00 | Recent: true | Amount: 2000000000 | ValUSD: 3.0000
Event: subscription | Date: 2026-02-14T16:17:17.048+00:00 | Recent: true | Amount: 2000000000 | ValUSD: 3.0000
Event: subscription | Date: 2026-02-14T16:16:26.511+00:00 | Recent: true | Amount: 2000000000 | ValUSD: 3.0000
Event: subscription | Date: 2026-02-14T16:16:06.173+00:00 | Recent: true | Amount: 2000000000 | ValUSD: 3.0000
Event: subscription | Date: 2026-02-14T16:15:48.86+00:00 | Recent: true | Amount: 2000000000 | ValUSD: 3.0000
Event: subscription | Date: 2026-02-14T16:15:20.524+00:00 | Recent: true | Amount: 2000000000 | ValUSD: 3.0000
Event: subscription | Date: 2026-02-14T16:14:50.241+00:00 | Recent: true | Amount: 2000000000 | ValUSD: 3.0000
Event: subscription | Date: 2026-02-14T16:14:25.308+00:00 | Recent: true | Amount: 2000000000 | ValUSD: 3.0000
Event: subscription | Date: 2026-02-14T16:13:29.609+00:00 | Recent: true | Amount: 2000000000 | ValUSD: 3.0000
Event: subscription | Date: 2026-02-14T16:12:45.539+00:00 | Recent: true | Amount: 2000000000 | ValUSD: 3.0000
Event: subscription | Date: 2026-02-14T16:12:16.902+00:00 | Recent: true | Amount: 2000000000 | ValUSD: 3.0000
Event: subscription | Date: 2026-02-14T16:11:55.469+00:00 | Recent: true | Amount: 2000000000 | ValUSD: 3.0000
Event: subscription | Date: 2026-02-14T16:11:21.902+00:00 | Recent: true | Amount: 2000000000 | ValUSD: 3.0000
Event: subscription | Date: 2026-02-14T16:10:47.38+00:00 | Recent: true | Amount: 2000000000 | ValUSD: 3.0000
Event: subscription | Date: 2026-02-14T16:10:15.488+00:00 | Recent: true | Amount: 2000000000 | ValUSD: 3.0000
Event: subscription | Date: 2026-02-14T16:09:53.837+00:00 | Recent: true | Amount: 2000000000 | ValUSD: 3.0000
Event: subscription | Date: 2026-02-14T16:09:26.672+00:00 | Recent: true | Amount: 2000000000 | ValUSD: 3.0000
Event: subscription | Date: 2026-02-14T16:08:52.454+00:00 | Recent: true | Amount: 2000000000 | ValUSD: 3.0000
Event: subscription | Date: 2026-02-14T16:08:22.947+00:00 | Recent: true | Amount: 2000000000 | ValUSD: 3.0000
Event: subscription | Date: 2026-02-14T16:07:53.746+00:00 | Recent: true | Amount: 2000000000 | ValUSD: 3.0000
Event: subscription | Date: 2026-02-14T16:07:27.328+00:00 | Recent: true | Amount: 2000000000 | ValUSD: 3.0000
Event: subscription | Date: 2026-02-14T16:07:07.157+00:00 | Recent: true | Amount: 2000000000 | ValUSD: 3.0000
Event: subscription | Date: 2026-02-14T16:06:46.859+00:00 | Recent: true | Amount: 2000000000 | ValUSD: 3.0000
Event: subscription | Date: 2026-02-14T16:06:25.783+00:00 | Recent: true | Amount: 2000000000 | ValUSD: 3.0000
Event: subscription | Date: 2026-02-14T16:05:59.73+00:00 | Recent: true | Amount: 2000000000 | ValUSD: 3.0000
Event: subscription | Date: 2026-02-14T16:05:38.163+00:00 | Recent: true | Amount: 2000000000 | ValUSD: 3.0000
Event: subscription | Date: 2026-02-14T16:04:58.623+00:00 | Recent: true | Amount: 2000000000 | ValUSD: 3.0000
Event: subscription | Date: 2026-02-14T16:04:48.192+00:00 | Recent: true | Amount: 2000000000 | ValUSD: 3.0000
Event: subscription | Date: 2026-02-14T16:04:38.128+00:00 | Recent: true | Amount: 2000000000 | ValUSD: 3.0000
Event: subscription | Date: 2026-02-14T16:04:06.286+00:00 | Recent: true | Amount: 2000000000 | ValUSD: 3.0000
Event: subscription | Date: 2026-02-14T16:03:30.052+00:00 | Recent: true | Amount: 2000000000 | ValUSD: 3.0000
Event: subscription | Date: 2026-02-14T16:02:59.655+00:00 | Recent: true | Amount: 2000000000 | ValUSD: 3.0000
Event: subscription | Date: 2026-02-14T16:02:21.555+00:00 | Recent: true | Amount: 2000000000 | ValUSD: 3.0000
Event: subscription | Date: 2026-02-14T16:01:32.944+00:00 | Recent: true | Amount: 2000000000 | ValUSD: 3.0000
Event: subscription | Date: 2026-02-14T16:00:28.579+00:00 | Recent: true | Amount: 2000000000 | ValUSD: 3.0000
Event: subscription | Date: 2026-02-14T15:59:28.862+00:00 | Recent: true | Amount: 2000000000 | ValUSD: 3.0000
Event: subscription | Date: 2026-02-14T15:59:05.564+00:00 | Recent: true | Amount: 2000000000 | ValUSD: 3.0000
Event: subscription | Date: 2026-02-14T15:58:44.856+00:00 | Recent: true | Amount: 2000000000 | ValUSD: 3.0000
Event: subscription | Date: 2026-02-14T15:58:25.22+00:00 | Recent: true | Amount: 2000000000 | ValUSD: 3.0000
Event: subscription | Date: 2026-02-14T15:57:59.52+00:00 | Recent: true | Amount: 2000000000 | ValUSD: 3.0000
Event: subscription | Date: 2026-02-14T15:57:29.993+00:00 | Recent: true | Amount: 2000000000 | ValUSD: 3.0000
Event: subscription | Date: 2026-02-14T15:57:06.075+00:00 | Recent: true | Amount: 2000000000 | ValUSD: 3.0000
Event: subscription | Date: 2026-02-14T15:56:46.83+00:00 | Recent: true | Amount: 2000000000 | ValUSD: 3.0000
Event: subscription | Date: 2026-02-14T15:56:19.504+00:00 | Recent: true | Amount: 2000000000 | ValUSD: 3.0000
Event: subscription | Date: 2026-02-14T15:53:47.977+00:00 | Recent: true | Amount: 2000000000 | ValUSD: 3.0000
Event: subscription | Date: 2026-02-14T15:46:23.811+00:00 | Recent: true | Amount: 2000000000 | ValUSD: 3.0000
Event: subscription | Date: 2026-02-14T15:30:35.859+00:00 | Recent: true | Amount: 2000000000 | ValUSD: 3.0000
Event: subscription | Date: 2026-02-14T15:29:50.991+00:00 | Recent: true | Amount: 2000000000 | ValUSD: 3.0000
Event: subscription | Date: 2026-02-14T15:29:28.154+00:00 | Recent: true | Amount: 2000000000 | ValUSD: 3.0000
Event: subscription | Date: 2026-02-14T15:22:45.668+00:00 | Recent: true | Amount: 2000000000 | ValUSD: 3.0000
Event: subscription | Date: 2026-02-14T15:13:44.484+00:00 | Recent: true | Amount: 2000000000 | ValUSD: 3.0000
Event: subscription | Date: 2026-02-14T15:08:57.609+00:00 | Recent: true | Amount: 2000000000 | ValUSD: 3.0000
Event: subscription | Date: 2026-02-14T14:19:42.689+00:00 | Recent: true | Amount: 2000000000 | ValUSD: 3.0000
Event: subscription | Date: 2026-02-14T13:58:44.631+00:00 | Recent: true | Amount: 2000000000 | ValUSD: 3.0000
Event: subscription | Date: 2026-02-13T23:34:57.667+00:00 | Recent: true | Amount: 2000000000 | ValUSD: 3.0000
Event: subscription | Date: 2026-02-13T22:13:06.363+00:00 | Recent: true | Amount: 2000000000 | ValUSD: 3.0000
Event: subscription | Date: 2026-02-13T20:00:31.634+00:00 | Recent: true | Amount: 2000000000 | ValUSD: 3.0000
Event: subscription | Date: 2026-02-13T08:54:48.74+00:00 | Recent: true | Amount: 2000000000 | ValUSD: 3.0000
Event: subscription | Date: 2026-02-13T06:46:52.017+00:00 | Recent: true | Amount: 2000000000 | ValUSD: 3.0000
Event: subscription | Date: 2026-02-13T00:48:14.513+00:00 | Recent: true | Amount: 2000000000 | ValUSD: 3.0000
Event: subscription | Date: 2026-02-12T19:57:25.074+00:00 | Recent: true | Amount: 2000000000 | ValUSD: 3.0000
Event: subscription | Date: 2026-02-12T19:31:11.071+00:00 | Recent: true | Amount: 2000000000 | ValUSD: 3.0000
Event: subscription | Date: 2026-02-12T18:30:59.858+00:00 | Recent: true | Amount: 2000000000 | ValUSD: 3.0000
Event: subscription | Date: 2026-02-11T21:18:35.582+00:00 | Recent: true | Amount: 2000000000 | ValUSD: 3.0000
Event: subscription | Date: 2026-02-11T21:17:02.782+00:00 | Recent: true | Amount: 2000000000 | ValUSD: 3.0000
Event: subscription | Date: 2026-02-11T21:15:23.004+00:00 | Recent: true | Amount: 2000000000 | ValUSD: 3.0000
Event: subscription | Date: 2026-02-11T21:13:38.556+00:00 | Recent: true | Amount: 2000000000 | ValUSD: 3.0000
Event: subscription | Date: 2026-02-11T21:09:46.488+00:00 | Recent: true | Amount: 2000000000 | ValUSD: 3.0000
Event: subscription | Date: 2026-02-11T21:06:10.434+00:00 | Recent: true | Amount: 2000000000 | ValUSD: 3.0000
Event: subscription | Date: 2026-02-11T21:01:31.333+00:00 | Recent: true | Amount: 2000000000 | ValUSD: 3.0000
Event: subscription | Date: 2026-02-11T20:43:57.056+00:00 | Recent: true | Amount: 2000000000 | ValUSD: 3.0000
Event: subscription | Date: 2026-02-11T20:41:36.156+00:00 | Recent: true | Amount: 2000000000 | ValUSD: 3.0000
Event: subscription | Date: 2026-02-11T20:33:43.651+00:00 | Recent: true | Amount: 2000000000 | ValUSD: 3.0000
Event: subscription | Date: 2026-02-11T20:05:18.719+00:00 | Recent: true | Amount: 2000000000 | ValUSD: 3.0000
Event: subscription | Date: 2026-02-11T19:50:59.224+00:00 | Recent: true | Amount: 2000000000 | ValUSD: 3.0000
Event: subscription | Date: 2026-02-11T19:22:41.354+00:00 | Recent: true | Amount: 2000000000 | ValUSD: 3.0000
Event: subscription | Date: 2026-02-11T18:51:14.043+00:00 | Recent: true | Amount: 2000000000 | ValUSD: 3.0000
Event: subscription | Date: 2026-02-11T18:47:53.121+00:00 | Recent: true | Amount: 2000000000 | ValUSD: 3.0000
Event: checkin_fee | Date: 2026-02-19T12:11:15.169+00:00 | Recent: true | Amount: 2000000 | ValUSD: 0.0030
Event: checkin_fee | Date: 2026-02-19T11:56:49.818+00:00 | Recent: true | Amount: 2000000 | ValUSD: 0.0030
Event: checkin_fee | Date: 2026-02-19T11:50:18.299+00:00 | Recent: true | Amount: 2000000 | ValUSD: 0.0030
Event: checkin_fee | Date: 2026-02-19T11:42:07.165+00:00 | Recent: true | Amount: 2000000 | ValUSD: 0.0030
Event: checkin_fee | Date: 2026-02-19T11:17:48.434+00:00 | Recent: true | Amount: 2000000 | ValUSD: 0.0030
Event: checkin_fee | Date: 2026-02-19T10:54:30.367+00:00 | Recent: true | Amount: 2000000 | ValUSD: 0.0030
Event: checkin_fee | Date: 2026-02-19T10:46:00.216+00:00 | Recent: true | Amount: 2000000 | ValUSD: 0.0030
Event: checkin_fee | Date: 2026-02-19T10:37:32.823+00:00 | Recent: true | Amount: 2000000 | ValUSD: 0.0030
Event: checkin_fee | Date: 2026-02-19T10:17:25.623+00:00 | Recent: true | Amount: 2000000 | ValUSD: 0.0030
Event: checkin_fee | Date: 2026-02-19T09:59:51.63+00:00 | Recent: true | Amount: 2000000 | ValUSD: 0.0030
Event: checkin_fee | Date: 2026-02-19T09:55:50.409+00:00 | Recent: true | Amount: 2000000 | ValUSD: 0.0030
Event: checkin_fee | Date: 2026-02-19T09:52:12.91+00:00 | Recent: true | Amount: 2000000 | ValUSD: 0.0030
Event: checkin_fee | Date: 2026-02-19T09:49:18.461+00:00 | Recent: true | Amount: 2000000 | ValUSD: 0.0030
Event: checkin_fee | Date: 2026-02-19T09:48:10.764+00:00 | Recent: true | Amount: 2000000 | ValUSD: 0.0030
Event: checkin_fee | Date: 2026-02-19T09:34:00.78+00:00 | Recent: true | Amount: 2000000 | ValUSD: 0.0030
Event: checkin_fee | Date: 2026-02-19T09:27:31.929+00:00 | Recent: true | Amount: 2000000 | ValUSD: 0.0030
Event: checkin_fee | Date: 2026-02-19T09:13:24.675+00:00 | Recent: true | Amount: 2000000 | ValUSD: 0.0030
Event: checkin_fee | Date: 2026-02-19T08:58:26.697+00:00 | Recent: true | Amount: 2000000 | ValUSD: 0.0030
Event: checkin_fee | Date: 2026-02-19T08:47:44.519+00:00 | Recent: true | Amount: 2000000 | ValUSD: 0.0030
Event: checkin_fee | Date: 2026-02-19T08:45:55.512+00:00 | Recent: true | Amount: 2000000 | ValUSD: 0.0030
Event: checkin_fee | Date: 2026-02-19T08:39:16.348+00:00 | Recent: true | Amount: 2000000 | ValUSD: 0.0030
Event: checkin_fee | Date: 2026-02-19T08:37:26.036+00:00 | Recent: true | Amount: 2000000 | ValUSD: 0.0030
Event: checkin_fee | Date: 2026-02-19T08:19:28.614+00:00 | Recent: true | Amount: 2000000 | ValUSD: 0.0030
Event: checkin_fee | Date: 2026-02-19T07:59:35.37+00:00 | Recent: true | Amount: 2000000 | ValUSD: 0.0030
Event: checkin_fee | Date: 2026-02-19T07:51:34.987+00:00 | Recent: true | Amount: 2000000 | ValUSD: 0.0030
Event: checkin_fee | Date: 2026-02-19T07:49:59.67+00:00 | Recent: true | Amount: 2000000 | ValUSD: 0.0030
Event: checkin_fee | Date: 2026-02-19T07:48:32.09+00:00 | Recent: true | Amount: 2000000 | ValUSD: 0.0030
Event: checkin_fee | Date: 2026-02-19T07:43:06.963+00:00 | Recent: true | Amount: 2000000 | ValUSD: 0.0030
Event: checkin_fee | Date: 2026-02-19T07:39:04.998+00:00 | Recent: true | Amount: 2000000 | ValUSD: 0.0030
Event: checkin_fee | Date: 2026-02-19T07:32:22.074+00:00 | Recent: true | Amount: 2000000 | ValUSD: 0.0030
Event: checkin_fee | Date: 2026-02-19T07:31:41.5+00:00 | Recent: true | Amount: 2000000 | ValUSD: 0.0030
Event: checkin_fee | Date: 2026-02-19T07:22:45.455+00:00 | Recent: true | Amount: 2000000 | ValUSD: 0.0030
Event: checkin_fee | Date: 2026-02-19T07:19:26.705+00:00 | Recent: true | Amount: 2000000 | ValUSD: 0.0030
Event: checkin_fee | Date: 2026-02-19T07:14:30.895+00:00 | Recent: true | Amount: 2000000 | ValUSD: 0.0030
Event: checkin_fee | Date: 2026-02-19T07:03:37.112+00:00 | Recent: true | Amount: 2000000 | ValUSD: 0.0030
Event: checkin_fee | Date: 2026-02-19T07:02:51.847+00:00 | Recent: true | Amount: 2000000 | ValUSD: 0.0030
Event: checkin_fee | Date: 2026-02-19T06:55:53.423+00:00 | Recent: true | Amount: 2000000 | ValUSD: 0.0030
Event: checkin_fee | Date: 2026-02-19T06:53:18.051+00:00 | Recent: true | Amount: 2000000 | ValUSD: 0.0030
Event: checkin_fee | Date: 2026-02-19T06:49:12.026+00:00 | Recent: true | Amount: 2000000 | ValUSD: 0.0030
Event: checkin_fee | Date: 2026-02-19T06:36:53.368+00:00 | Recent: true | Amount: 2000000 | ValUSD: 0.0030
Event: checkin_fee | Date: 2026-02-19T06:35:07.105+00:00 | Recent: true | Amount: 2000000 | ValUSD: 0.0030
Event: checkin_fee | Date: 2026-02-19T06:24:41.945+00:00 | Recent: true | Amount: 2000000 | ValUSD: 0.0030
Event: checkin_fee | Date: 2026-02-19T06:09:30.415+00:00 | Recent: true | Amount: 2000000 | ValUSD: 0.0030
Event: checkin_fee | Date: 2026-02-19T06:07:02.96+00:00 | Recent: true | Amount: 2000000 | ValUSD: 0.0030
Event: checkin_fee | Date: 2026-02-19T05:52:21.852+00:00 | Recent: true | Amount: 2000000 | ValUSD: 0.0030
Event: checkin_fee | Date: 2026-02-19T05:50:41.496+00:00 | Recent: true | Amount: 2000000 | ValUSD: 0.0030
Event: checkin_fee | Date: 2026-02-19T05:44:10.752+00:00 | Recent: true | Amount: 2000000 | ValUSD: 0.0030
Event: checkin_fee | Date: 2026-02-19T05:43:07.4+00:00 | Recent: true | Amount: 2000000 | ValUSD: 0.0030
Event: checkin_fee | Date: 2026-02-19T05:40:48.807+00:00 | Recent: true | Amount: 2000000 | ValUSD: 0.0030
Event: checkin_fee | Date: 2026-02-19T05:40:06.753+00:00 | Recent: true | Amount: 2000000 | ValUSD: 0.0030
Event: subscription | Date: 2026-02-19T12:27:40.179+00:00 | Recent: true | Amount: 2000000000 | ValUSD: 3.0000
Event: checkin_fee | Date: 2026-02-19T12:23:48.949+00:00 | Recent: true | Amount: 2000000 | ValUSD: 0.0030
Event: checkin_fee | Date: 2026-02-19T05:38:47.963+00:00 | Recent: true | Amount: 2000000 | ValUSD: 0.0030
Event: checkin_fee | Date: 2026-02-19T05:38:28.634+00:00 | Recent: true | Amount: 2000000 | ValUSD: 0.0030
Event: checkin_fee | Date: 2026-02-19T05:26:29.905+00:00 | Recent: true | Amount: 2000000 | ValUSD: 0.0030
Event: checkin_fee | Date: 2026-02-19T04:59:50.038+00:00 | Recent: true | Amount: 2000000 | ValUSD: 0.0030
Event: checkin_fee | Date: 2026-02-19T04:59:10.491+00:00 | Recent: true | Amount: 2000000 | ValUSD: 0.0030
Event: checkin_fee | Date: 2026-02-19T04:40:39.561+00:00 | Recent: true | Amount: 2000000 | ValUSD: 0.0030
Event: checkin_fee | Date: 2026-02-19T04:32:12.624+00:00 | Recent: true | Amount: 2000000 | ValUSD: 0.0030
Event: checkin_fee | Date: 2026-02-19T04:06:50.574+00:00 | Recent: true | Amount: 2000000 | ValUSD: 0.0030
Event: checkin_fee | Date: 2026-02-19T03:56:28.221+00:00 | Recent: true | Amount: 2000000 | ValUSD: 0.0030
Event: checkin_fee | Date: 2026-02-19T03:51:47.385+00:00 | Recent: true | Amount: 2000000 | ValUSD: 0.0030
Event: checkin_fee | Date: 2026-02-19T03:20:30.226+00:00 | Recent: true | Amount: 2000000 | ValUSD: 0.0030
Event: checkin_fee | Date: 2026-02-19T03:00:39.166+00:00 | Recent: true | Amount: 2000000 | ValUSD: 0.0030
Event: checkin_fee | Date: 2026-02-19T02:55:31.623+00:00 | Recent: true | Amount: 2000000 | ValUSD: 0.0030
Event: checkin_fee | Date: 2026-02-19T02:54:20.665+00:00 | Recent: true | Amount: 2000000 | ValUSD: 0.0030
Event: checkin_fee | Date: 2026-02-19T02:16:35.433+00:00 | Recent: true | Amount: 2000000 | ValUSD: 0.0030
Event: checkin_fee | Date: 2026-02-19T01:52:55.988+00:00 | Recent: true | Amount: 2000000 | ValUSD: 0.0030
Event: checkin_fee | Date: 2026-02-19T01:50:00.318+00:00 | Recent: true | Amount: 2000000 | ValUSD: 0.0030
Event: checkin_fee | Date: 2026-02-19T01:49:11.07+00:00 | Recent: true | Amount: 2000000 | ValUSD: 0.0030
Event: checkin_fee | Date: 2026-02-19T01:42:20.427+00:00 | Recent: true | Amount: 2000000 | ValUSD: 0.0030
Event: checkin_fee | Date: 2026-02-19T01:24:22.337+00:00 | Recent: true | Amount: 2000000 | ValUSD: 0.0030
Event: checkin_fee | Date: 2026-02-19T01:23:07.395+00:00 | Recent: true | Amount: 2000000 | ValUSD: 0.0030
Event: checkin_fee | Date: 2026-02-19T01:22:07.537+00:00 | Recent: true | Amount: 2000000 | ValUSD: 0.0030
Event: checkin_fee | Date: 2026-02-19T00:54:04.473+00:00 | Recent: true | Amount: 2000000 | ValUSD: 0.0030
Event: checkin_fee | Date: 2026-02-19T00:46:03.55+00:00 | Recent: true | Amount: 2000000 | ValUSD: 0.0030
Event: checkin_fee | Date: 2026-02-19T00:39:07.38+00:00 | Recent: true | Amount: 2000000 | ValUSD: 0.0030
Event: checkin_fee | Date: 2026-02-19T00:28:47.061+00:00 | Recent: true | Amount: 2000000 | ValUSD: 0.0030
Event: checkin_fee | Date: 2026-02-19T00:19:56.223+00:00 | Recent: true | Amount: 2000000 | ValUSD: 0.0030
Event: checkin_fee | Date: 2026-02-19T00:17:55.628+00:00 | Recent: true | Amount: 2000000 | ValUSD: 0.0030
Event: checkin_fee | Date: 2026-02-19T00:12:35.987+00:00 | Recent: true | Amount: 2000000 | ValUSD: 0.0030
Event: checkin_fee | Date: 2026-02-19T00:00:19.484+00:00 | Recent: true | Amount: 2000000 | ValUSD: 0.0030
Event: checkin_fee | Date: 2026-02-18T23:40:59.856+00:00 | Recent: true | Amount: 2000000 | ValUSD: 0.0030
Event: checkin_fee | Date: 2026-02-18T23:27:03.071+00:00 | Recent: true | Amount: 2000000 | ValUSD: 0.0030
Event: checkin_fee | Date: 2026-02-18T23:24:31.411+00:00 | Recent: true | Amount: 2000000 | ValUSD: 0.0030
Event: checkin_fee | Date: 2026-02-18T23:09:17.934+00:00 | Recent: true | Amount: 2000000 | ValUSD: 0.0030
Event: checkin_fee | Date: 2026-02-18T23:06:20.577+00:00 | Recent: true | Amount: 2000000 | ValUSD: 0.0030
Event: checkin_fee | Date: 2026-02-18T22:44:02.099+00:00 | Recent: true | Amount: 2000000 | ValUSD: 0.0030
Event: checkin_fee | Date: 2026-02-18T22:36:28.129+00:00 | Recent: true | Amount: 2000000 | ValUSD: 0.0030
Event: checkin_fee | Date: 2026-02-18T22:26:24.161+00:00 | Recent: true | Amount: 2000000 | ValUSD: 0.0030
Event: checkin_fee | Date: 2026-02-18T22:24:03.77+00:00 | Recent: true | Amount: 2000000 | ValUSD: 0.0030
Event: checkin_fee | Date: 2026-02-18T22:06:41.37+00:00 | Recent: true | Amount: 2000000 | ValUSD: 0.0030
Event: checkin_fee | Date: 2026-02-18T22:06:34.263+00:00 | Recent: true | Amount: 2000000 | ValUSD: 0.0030
Event: checkin_fee | Date: 2026-02-18T22:00:25.109+00:00 | Recent: true | Amount: 2000000 | ValUSD: 0.0030
Event: checkin_fee | Date: 2026-02-18T21:51:47.019+00:00 | Recent: true | Amount: 2000000 | ValUSD: 0.0030
Event: checkin_fee | Date: 2026-02-18T21:41:08.618+00:00 | Recent: true | Amount: 2000000 | ValUSD: 0.0030
Event: checkin_fee | Date: 2026-02-18T21:40:35.509+00:00 | Recent: true | Amount: 2000000 | ValUSD: 0.0030
Event: checkin_fee | Date: 2026-02-18T21:39:03.375+00:00 | Recent: true | Amount: 2000000 | ValUSD: 0.0030
Event: checkin_fee | Date: 2026-02-18T21:29:14.92+00:00 | Recent: true | Amount: 2000000 | ValUSD: 0.0030
Event: checkin_fee | Date: 2026-02-18T21:21:52.178+00:00 | Recent: true | Amount: 2000000 | ValUSD: 0.0030
Event: checkin_fee | Date: 2026-02-18T21:19:30.71+00:00 | Recent: true | Amount: 2000000 | ValUSD: 0.0030
Event: checkin_fee | Date: 2026-02-18T21:16:24.186+00:00 | Recent: true | Amount: 2000000 | ValUSD: 0.0030
Event: checkin_fee | Date: 2026-02-18T21:10:51.846+00:00 | Recent: true | Amount: 2000000 | ValUSD: 0.0030
Event: checkin_fee | Date: 2026-02-18T21:10:33.682+00:00 | Recent: true | Amount: 2000000 | ValUSD: 0.0030
Event: checkin_fee | Date: 2026-02-18T21:08:32.494+00:00 | Recent: true | Amount: 2000000 | ValUSD: 0.0030
Event: checkin_fee | Date: 2026-02-18T13:09:30.623+00:00 | Recent: true | Amount: 2000000 | ValUSD: 0.0030
Event: checkin_fee | Date: 2026-02-18T12:10:21.608+00:00 | Recent: true | Amount: 2000000 | ValUSD: 0.0030
Event: checkin_fee | Date: 2026-02-18T08:54:15.822+00:00 | Recent: true | Amount: 2000000 | ValUSD: 0.0030
Event: checkin_fee | Date: 2026-02-18T08:51:30.197+00:00 | Recent: true | Amount: 2000000 | ValUSD: 0.0030
Event: checkin_fee | Date: 2026-02-18T08:11:09.353+00:00 | Recent: true | Amount: 2000000 | ValUSD: 0.0030
Event: checkin_fee | Date: 2026-02-18T07:38:43.001+00:00 | Recent: true | Amount: 2000000 | ValUSD: 0.0030
Event: checkin_fee | Date: 2026-02-18T02:16:40.598+00:00 | Recent: true | Amount: 2000000 | ValUSD: 0.0030
Event: checkin_fee | Date: 2026-02-18T02:14:47.857+00:00 | Recent: true | Amount: 2000000 | ValUSD: 0.0030
Event: checkin_fee | Date: 2026-02-17T17:43:03.436+00:00 | Recent: true | Amount: 2000000 | ValUSD: 0.0030
Event: checkin_fee | Date: 2026-02-17T14:49:30.701+00:00 | Recent: true | Amount: 2000000 | ValUSD: 0.0030
Event: checkin_fee | Date: 2026-02-17T10:44:36.464+00:00 | Recent: true | Amount: 2000000 | ValUSD: 0.0030
Event: checkin_fee | Date: 2026-02-17T08:44:36.945+00:00 | Recent: true | Amount: 2000000 | ValUSD: 0.0030
Event: checkin_fee | Date: 2026-02-17T08:30:30.543+00:00 | Recent: true | Amount: 2000000 | ValUSD: 0.0030
Event: checkin_fee | Date: 2026-02-17T08:04:48.088+00:00 | Recent: true | Amount: 2000000 | ValUSD: 0.0030
Event: checkin_fee | Date: 2026-02-17T07:43:03.134+00:00 | Recent: true | Amount: 2000000 | ValUSD: 0.0030
Event: checkin_fee | Date: 2026-02-17T06:54:26.901+00:00 | Recent: true | Amount: 2000000 | ValUSD: 0.0030
Event: checkin_fee | Date: 2026-02-17T06:46:29.836+00:00 | Recent: true | Amount: 2000000 | ValUSD: 0.0030
Event: checkin_fee | Date: 2026-02-17T06:43:15.129+00:00 | Recent: true | Amount: 2000000 | ValUSD: 0.0030
Event: checkin_fee | Date: 2026-02-17T06:31:15.007+00:00 | Recent: true | Amount: 2000000 | ValUSD: 0.0030
Event: checkin_fee | Date: 2026-02-17T06:27:35.563+00:00 | Recent: true | Amount: 2000000 | ValUSD: 0.0030
Event: checkin_fee | Date: 2026-02-17T04:35:41.863+00:00 | Recent: true | Amount: 2000000 | ValUSD: 0.0030
Event: checkin_fee | Date: 2026-02-17T04:26:31.097+00:00 | Recent: true | Amount: 2000000 | ValUSD: 0.0030
Event: checkin_fee | Date: 2026-02-17T04:17:25.714+00:00 | Recent: true | Amount: 2000000 | ValUSD: 0.0030
Event: checkin_fee | Date: 2026-02-17T01:42:50.202+00:00 | Recent: true | Amount: 2000000 | ValUSD: 0.0030
Event: checkin_fee | Date: 2026-02-17T01:17:42.806+00:00 | Recent: true | Amount: 2000000 | ValUSD: 0.0030
Event: checkin_fee | Date: 2026-02-17T01:00:33.801+00:00 | Recent: true | Amount: 2000000 | ValUSD: 0.0030
Event: checkin_fee | Date: 2026-02-17T00:22:34.296+00:00 | Recent: true | Amount: 2000000 | ValUSD: 0.0030
Event: checkin_fee | Date: 2026-02-17T00:16:04.186+00:00 | Recent: true | Amount: 2000000 | ValUSD: 0.0030
Event: checkin_fee | Date: 2026-02-16T23:57:39.783+00:00 | Recent: true | Amount: 2000000 | ValUSD: 0.0030
Event: checkin_fee | Date: 2026-02-16T22:09:07.991+00:00 | Recent: true | Amount: 2000000 | ValUSD: 0.0030
Event: checkin_fee | Date: 2026-02-16T21:53:33.978+00:00 | Recent: true | Amount: 2000000 | ValUSD: 0.0030
Event: checkin_fee | Date: 2026-02-16T21:21:25.858+00:00 | Recent: true | Amount: 2000000 | ValUSD: 0.0030
Event: checkin_fee | Date: 2026-02-16T21:20:43.455+00:00 | Recent: true | Amount: 2000000 | ValUSD: 0.0030
Event: checkin_fee | Date: 2026-02-16T21:16:00.76+00:00 | Recent: true | Amount: 2000000 | ValUSD: 0.0030
Event: checkin_fee | Date: 2026-02-16T20:48:44.035+00:00 | Recent: true | Amount: 2000000 | ValUSD: 0.0030
Event: checkin_fee | Date: 2026-02-16T20:15:26.561+00:00 | Recent: true | Amount: 2000000 | ValUSD: 0.0030
Event: checkin_fee | Date: 2026-02-16T20:01:27.153+00:00 | Recent: true | Amount: 2000000 | ValUSD: 0.0030
Event: checkin_fee | Date: 2026-02-16T19:57:31.989+00:00 | Recent: true | Amount: 2000000 | ValUSD: 0.0030
Event: checkin_fee | Date: 2026-02-16T17:57:37.535+00:00 | Recent: true | Amount: 2000000 | ValUSD: 0.0030
Event: checkin_fee | Date: 2026-02-16T17:36:42.83+00:00 | Recent: true | Amount: 2000000 | ValUSD: 0.0030
Event: checkin_fee | Date: 2026-02-16T15:41:38.079+00:00 | Recent: true | Amount: 2000000 | ValUSD: 0.0030
Event: checkin_fee | Date: 2026-02-16T15:30:43.114+00:00 | Recent: true | Amount: 2000000 | ValUSD: 0.0030
Event: checkin_fee | Date: 2026-02-16T14:42:52.79+00:00 | Recent: true | Amount: 2000000 | ValUSD: 0.0030
Event: checkin_fee | Date: 2026-02-16T14:31:11.778+00:00 | Recent: true | Amount: 2000000 | ValUSD: 0.0030
Event: checkin_fee | Date: 2026-02-16T13:54:45.688+00:00 | Recent: true | Amount: 2000000 | ValUSD: 0.0030
Event: checkin_fee | Date: 2026-02-16T13:18:37.592+00:00 | Recent: true | Amount: 2000000 | ValUSD: 0.0030
Event: checkin_fee | Date: 2026-02-16T13:11:13.313+00:00 | Recent: true | Amount: 2000000 | ValUSD: 0.0030
Event: checkin_fee | Date: 2026-02-16T12:30:09.199+00:00 | Recent: true | Amount: 2000000 | ValUSD: 0.0030
Event: checkin_fee | Date: 2026-02-16T12:13:25.952+00:00 | Recent: true | Amount: 2000000 | ValUSD: 0.0030
Event: checkin_fee | Date: 2026-02-16T12:07:04.467+00:00 | Recent: true | Amount: 2000000 | ValUSD: 0.0030
Event: checkin_fee | Date: 2026-02-16T11:36:46.604+00:00 | Recent: true | Amount: 2000000 | ValUSD: 0.0030
Event: checkin_fee | Date: 2026-02-16T11:16:08.115+00:00 | Recent: true | Amount: 2000000 | ValUSD: 0.0030
Event: checkin_fee | Date: 2026-02-16T11:15:48.6+00:00 | Recent: true | Amount: 2000000 | ValUSD: 0.0030
Event: checkin_fee | Date: 2026-02-16T10:48:00.383+00:00 | Recent: true | Amount: 2000000 | ValUSD: 0.0030
Event: checkin_fee | Date: 2026-02-16T10:09:47.965+00:00 | Recent: true | Amount: 2000000 | ValUSD: 0.0030
Event: checkin_fee | Date: 2026-02-16T09:44:08.646+00:00 | Recent: true | Amount: 2000000 | ValUSD: 0.0030
Event: checkin_fee | Date: 2026-02-16T09:19:51.489+00:00 | Recent: true | Amount: 2000000 | ValUSD: 0.0030
Event: checkin_fee | Date: 2026-02-16T09:16:58.449+00:00 | Recent: true | Amount: 2000000 | ValUSD: 0.0030
Event: checkin_fee | Date: 2026-02-16T08:25:36.28+00:00 | Recent: true | Amount: 2000000 | ValUSD: 0.0030
Event: checkin_fee | Date: 2026-02-16T07:40:31.399+00:00 | Recent: true | Amount: 2000000 | ValUSD: 0.0030
Event: checkin_fee | Date: 2026-02-16T07:11:22.729+00:00 | Recent: true | Amount: 2000000 | ValUSD: 0.0030
Event: checkin_fee | Date: 2026-02-16T07:09:32.103+00:00 | Recent: true | Amount: 2000000 | ValUSD: 0.0030
Event: checkin_fee | Date: 2026-02-16T07:04:49.36+00:00 | Recent: true | Amount: 2000000 | ValUSD: 0.0030
Event: checkin_fee | Date: 2026-02-16T06:57:03.903+00:00 | Recent: true | Amount: 2000000 | ValUSD: 0.0030
Event: checkin_fee | Date: 2026-02-16T06:46:36.235+00:00 | Recent: true | Amount: 2000000 | ValUSD: 0.0030
Event: checkin_fee | Date: 2026-02-16T06:41:26.86+00:00 | Recent: true | Amount: 2000000 | ValUSD: 0.0030
Event: checkin_fee | Date: 2026-02-16T05:45:15.99+00:00 | Recent: true | Amount: 2000000 | ValUSD: 0.0030
Event: checkin_fee | Date: 2026-02-16T05:43:21.555+00:00 | Recent: true | Amount: 2000000 | ValUSD: 0.0030
Event: checkin_fee | Date: 2026-02-16T05:30:55.484+00:00 | Recent: true | Amount: 2000000 | ValUSD: 0.0030
Event: checkin_fee | Date: 2026-02-16T05:26:26.289+00:00 | Recent: true | Amount: 2000000 | ValUSD: 0.0030
Event: checkin_fee | Date: 2026-02-16T05:22:04.653+00:00 | Recent: true | Amount: 2000000 | ValUSD: 0.0030
Event: checkin_fee | Date: 2026-02-16T05:09:12.718+00:00 | Recent: true | Amount: 2000000 | ValUSD: 0.0030
Event: checkin_fee | Date: 2026-02-16T05:08:03.199+00:00 | Recent: true | Amount: 2000000 | ValUSD: 0.0030
Event: checkin_fee | Date: 2026-02-16T03:59:39.114+00:00 | Recent: true | Amount: 2000000 | ValUSD: 0.0030
Event: checkin_fee | Date: 2026-02-16T03:50:11.09+00:00 | Recent: true | Amount: 2000000 | ValUSD: 0.0030
Event: checkin_fee | Date: 2026-02-16T03:45:30.516+00:00 | Recent: true | Amount: 2000000 | ValUSD: 0.0030
Event: checkin_fee | Date: 2026-02-16T03:31:33.974+00:00 | Recent: true | Amount: 2000000 | ValUSD: 0.0030
Event: checkin_fee | Date: 2026-02-16T03:22:18.025+00:00 | Recent: true | Amount: 2000000 | ValUSD: 0.0030
Event: checkin_fee | Date: 2026-02-16T03:16:26.231+00:00 | Recent: true | Amount: 2000000 | ValUSD: 0.0030
Event: checkin_fee | Date: 2026-02-16T02:51:37.271+00:00 | Recent: true | Amount: 2000000 | ValUSD: 0.0030
Event: checkin_fee | Date: 2026-02-16T02:51:26.939+00:00 | Recent: true | Amount: 2000000 | ValUSD: 0.0030
Event: checkin_fee | Date: 2026-02-16T02:36:00.384+00:00 | Recent: true | Amount: 2000000 | ValUSD: 0.0030
Event: checkin_fee | Date: 2026-02-16T01:48:47.224+00:00 | Recent: true | Amount: 2000000 | ValUSD: 0.0030
Event: checkin_fee | Date: 2026-02-16T01:19:58.146+00:00 | Recent: true | Amount: 2000000 | ValUSD: 0.0030
Event: checkin_fee | Date: 2026-02-16T00:54:37.482+00:00 | Recent: true | Amount: 2000000 | ValUSD: 0.0030
Event: checkin_fee | Date: 2026-02-16T00:34:35.951+00:00 | Recent: true | Amount: 2000000 | ValUSD: 0.0030
Event: checkin_fee | Date: 2026-02-16T00:23:16.506+00:00 | Recent: true | Amount: 2000000 | ValUSD: 0.0030
Event: checkin_fee | Date: 2026-02-15T23:38:09.526+00:00 | Recent: true | Amount: 2000000 | ValUSD: 0.0030
Event: checkin_fee | Date: 2026-02-15T23:31:05.571+00:00 | Recent: true | Amount: 2000000 | ValUSD: 0.0030
Event: checkin_fee | Date: 2026-02-15T22:31:20.697+00:00 | Recent: true | Amount: 2000000 | ValUSD: 0.0030
Event: checkin_fee | Date: 2026-02-15T21:51:37.939+00:00 | Recent: true | Amount: 2000000 | ValUSD: 0.0030
Event: checkin_fee | Date: 2026-02-15T21:42:56.12+00:00 | Recent: true | Amount: 2000000 | ValUSD: 0.0030
Event: checkin_fee | Date: 2026-02-15T21:35:51.524+00:00 | Recent: true | Amount: 2000000 | ValUSD: 0.0030
Event: checkin_fee | Date: 2026-02-15T21:25:40.485+00:00 | Recent: true | Amount: 2000000 | ValUSD: 0.0030
Event: checkin_fee | Date: 2026-02-15T21:11:12.735+00:00 | Recent: true | Amount: 2000000 | ValUSD: 0.0030
Event: checkin_fee | Date: 2026-02-15T21:00:20.585+00:00 | Recent: true | Amount: 2000000 | ValUSD: 0.0030
Event: checkin_fee | Date: 2026-02-15T20:32:49.132+00:00 | Recent: true | Amount: 2000000 | ValUSD: 0.0030
Event: checkin_fee | Date: 2026-02-15T20:24:38.867+00:00 | Recent: true | Amount: 2000000 | ValUSD: 0.0030
Event: checkin_fee | Date: 2026-02-15T20:03:32.362+00:00 | Recent: true | Amount: 2000000 | ValUSD: 0.0030
Event: checkin_fee | Date: 2026-02-15T20:03:06.678+00:00 | Recent: true | Amount: 2000000 | ValUSD: 0.0030
Event: checkin_fee | Date: 2026-02-15T18:41:55.84+00:00 | Recent: true | Amount: 2000000 | ValUSD: 0.0030
Event: checkin_fee | Date: 2026-02-15T18:34:18.221+00:00 | Recent: true | Amount: 2000000 | ValUSD: 0.0030
Event: checkin_fee | Date: 2026-02-15T18:13:54.846+00:00 | Recent: true | Amount: 2000000 | ValUSD: 0.0030
Event: checkin_fee | Date: 2026-02-15T18:06:50.056+00:00 | Recent: true | Amount: 2000000 | ValUSD: 0.0030
Event: checkin_fee | Date: 2026-02-15T17:58:09.558+00:00 | Recent: true | Amount: 2000000 | ValUSD: 0.0030
Event: checkin_fee | Date: 2026-02-15T17:38:14.599+00:00 | Recent: true | Amount: 2000000 | ValUSD: 0.0030
Event: checkin_fee | Date: 2026-02-15T17:29:12.257+00:00 | Recent: true | Amount: 2000000 | ValUSD: 0.0030
Event: checkin_fee | Date: 2026-02-15T17:26:32.093+00:00 | Recent: true | Amount: 2000000 | ValUSD: 0.0030
Event: checkin_fee | Date: 2026-02-15T17:04:01.251+00:00 | Recent: true | Amount: 2000000 | ValUSD: 0.0030
Event: checkin_fee | Date: 2026-02-15T16:56:58.408+00:00 | Recent: true | Amount: 2000000 | ValUSD: 0.0030
Event: checkin_fee | Date: 2026-02-15T16:50:05.926+00:00 | Recent: true | Amount: 2000000 | ValUSD: 0.0030
Event: checkin_fee | Date: 2026-02-15T16:24:04.534+00:00 | Recent: true | Amount: 2000000 | ValUSD: 0.0030
Event: checkin_fee | Date: 2026-02-15T16:13:56.684+00:00 | Recent: true | Amount: 2000000 | ValUSD: 0.0030
Event: checkin_fee | Date: 2026-02-15T16:09:02.767+00:00 | Recent: true | Amount: 2000000 | ValUSD: 0.0030
Event: checkin_fee | Date: 2026-02-15T15:38:26.709+00:00 | Recent: true | Amount: 2000000 | ValUSD: 0.0030
Event: checkin_fee | Date: 2026-02-15T15:05:24.869+00:00 | Recent: true | Amount: 2000000 | ValUSD: 0.0030
Event: checkin_fee | Date: 2026-02-15T15:00:44.51+00:00 | Recent: true | Amount: 2000000 | ValUSD: 0.0030
Event: checkin_fee | Date: 2026-02-15T14:27:17.479+00:00 | Recent: true | Amount: 2000000 | ValUSD: 0.0030
Event: checkin_fee | Date: 2026-02-15T14:14:11.783+00:00 | Recent: true | Amount: 2000000 | ValUSD: 0.0030
Event: checkin_fee | Date: 2026-02-15T14:05:28.683+00:00 | Recent: true | Amount: 2000000 | ValUSD: 0.0030
Event: checkin_fee | Date: 2026-02-15T14:02:28.396+00:00 | Recent: true | Amount: 2000000 | ValUSD: 0.0030
Event: checkin_fee | Date: 2026-02-15T14:00:45.622+00:00 | Recent: true | Amount: 2000000 | ValUSD: 0.0030
Event: checkin_fee | Date: 2026-02-15T13:53:09.933+00:00 | Recent: true | Amount: 2000000 | ValUSD: 0.0030
Event: checkin_fee | Date: 2026-02-15T13:49:26.732+00:00 | Recent: true | Amount: 2000000 | ValUSD: 0.0030
Event: checkin_fee | Date: 2026-02-15T13:33:09.238+00:00 | Recent: true | Amount: 2000000 | ValUSD: 0.0030
Event: checkin_fee | Date: 2026-02-15T13:17:54.634+00:00 | Recent: true | Amount: 2000000 | ValUSD: 0.0030
Event: checkin_fee | Date: 2026-02-15T13:15:45.878+00:00 | Recent: true | Amount: 2000000 | ValUSD: 0.0030
Event: checkin_fee | Date: 2026-02-15T13:08:09.262+00:00 | Recent: true | Amount: 2000000 | ValUSD: 0.0030
Event: checkin_fee | Date: 2026-02-15T13:04:33.817+00:00 | Recent: true | Amount: 2000000 | ValUSD: 0.0030
Event: checkin_fee | Date: 2026-02-15T12:58:54.917+00:00 | Recent: true | Amount: 2000000 | ValUSD: 0.0030
Event: checkin_fee | Date: 2026-02-15T12:56:17.276+00:00 | Recent: true | Amount: 2000000 | ValUSD: 0.0030
Event: checkin_fee | Date: 2026-02-15T12:45:58.404+00:00 | Recent: true | Amount: 2000000 | ValUSD: 0.0030
Event: checkin_fee | Date: 2026-02-15T12:34:06.596+00:00 | Recent: true | Amount: 2000000 | ValUSD: 0.0030
Event: checkin_fee | Date: 2026-02-15T12:20:42.155+00:00 | Recent: true | Amount: 2000000 | ValUSD: 0.0030
Event: checkin_fee | Date: 2026-02-15T12:12:07.167+00:00 | Recent: true | Amount: 2000000 | ValUSD: 0.0030
Event: checkin_fee | Date: 2026-02-15T12:01:18.441+00:00 | Recent: true | Amount: 2000000 | ValUSD: 0.0030
Event: checkin_fee | Date: 2026-02-15T11:53:44.726+00:00 | Recent: true | Amount: 2000000 | ValUSD: 0.0030
Event: checkin_fee | Date: 2026-02-15T11:39:07.4+00:00 | Recent: true | Amount: 2000000 | ValUSD: 0.0030
Event: checkin_fee | Date: 2026-02-15T11:35:38.764+00:00 | Recent: true | Amount: 2000000 | ValUSD: 0.0030
Event: checkin_fee | Date: 2026-02-15T10:53:11.613+00:00 | Recent: true | Amount: 2000000 | ValUSD: 0.0030
Event: checkin_fee | Date: 2026-02-15T10:24:27.19+00:00 | Recent: true | Amount: 2000000 | ValUSD: 0.0030
Event: checkin_fee | Date: 2026-02-15T10:11:39.672+00:00 | Recent: true | Amount: 2000000 | ValUSD: 0.0030
Event: checkin_fee | Date: 2026-02-15T09:52:26.806+00:00 | Recent: true | Amount: 2000000 | ValUSD: 0.0030
Event: checkin_fee | Date: 2026-02-15T09:35:17.556+00:00 | Recent: true | Amount: 2000000 | ValUSD: 0.0030
Event: checkin_fee | Date: 2026-02-15T09:34:43.784+00:00 | Recent: true | Amount: 2000000 | ValUSD: 0.0030
Event: checkin_fee | Date: 2026-02-15T09:19:54.843+00:00 | Recent: true | Amount: 2000000 | ValUSD: 0.0030
Event: checkin_fee | Date: 2026-02-15T09:16:41.534+00:00 | Recent: true | Amount: 2000000 | ValUSD: 0.0030
Event: checkin_fee | Date: 2026-02-15T09:06:49.873+00:00 | Recent: true | Amount: 2000000 | ValUSD: 0.0030
Event: checkin_fee | Date: 2026-02-15T08:53:15.287+00:00 | Recent: true | Amount: 2000000 | ValUSD: 0.0030
Event: checkin_fee | Date: 2026-02-15T08:52:25.117+00:00 | Recent: true | Amount: 2000000 | ValUSD: 0.0030
Event: checkin_fee | Date: 2026-02-15T08:52:05.516+00:00 | Recent: true | Amount: 2000000 | ValUSD: 0.0030
Event: checkin_fee | Date: 2026-02-15T08:42:35.971+00:00 | Recent: true | Amount: 2000000 | ValUSD: 0.0030
Event: checkin_fee | Date: 2026-02-15T08:30:11.811+00:00 | Recent: true | Amount: 2000000 | ValUSD: 0.0030
Event: checkin_fee | Date: 2026-02-15T07:49:32.486+00:00 | Recent: true | Amount: 2000000 | ValUSD: 0.0030
Event: checkin_fee | Date: 2026-02-15T07:04:05.908+00:00 | Recent: true | Amount: 2000000 | ValUSD: 0.0030
Event: checkin_fee | Date: 2026-02-15T07:02:58.431+00:00 | Recent: true | Amount: 2000000 | ValUSD: 0.0030
Event: checkin_fee | Date: 2026-02-15T06:52:58.951+00:00 | Recent: true | Amount: 2000000 | ValUSD: 0.0030
Event: checkin_fee | Date: 2026-02-15T06:32:56.514+00:00 | Recent: true | Amount: 2000000 | ValUSD: 0.0030
Event: checkin_fee | Date: 2026-02-15T06:03:39.997+00:00 | Recent: true | Amount: 2000000 | ValUSD: 0.0030
Event: checkin_fee | Date: 2026-02-15T05:46:39.061+00:00 | Recent: true | Amount: 2000000 | ValUSD: 0.0030
Event: checkin_fee | Date: 2026-02-15T04:28:14.518+00:00 | Recent: true | Amount: 2000000 | ValUSD: 0.0030
Event: checkin_fee | Date: 2026-02-15T04:17:15.62+00:00 | Recent: true | Amount: 2000000 | ValUSD: 0.0030
Event: checkin_fee | Date: 2026-02-15T03:50:49.236+00:00 | Recent: true | Amount: 2000000 | ValUSD: 0.0030
Event: checkin_fee | Date: 2026-02-15T03:27:41.039+00:00 | Recent: true | Amount: 2000000 | ValUSD: 0.0030
Event: checkin_fee | Date: 2026-02-15T02:48:46.769+00:00 | Recent: true | Amount: 2000000 | ValUSD: 0.0030
Event: checkin_fee | Date: 2026-02-15T01:49:49.983+00:00 | Recent: true | Amount: 2000000 | ValUSD: 0.0030
Event: checkin_fee | Date: 2026-02-15T01:37:43.228+00:00 | Recent: true | Amount: 2000000 | ValUSD: 0.0030
Event: checkin_fee | Date: 2026-02-15T01:31:18.084+00:00 | Recent: true | Amount: 2000000 | ValUSD: 0.0030
Event: checkin_fee | Date: 2026-02-15T01:27:42.533+00:00 | Recent: true | Amount: 2000000 | ValUSD: 0.0030
Event: checkin_fee | Date: 2026-02-15T01:00:15.969+00:00 | Recent: true | Amount: 2000000 | ValUSD: 0.0030
Event: checkin_fee | Date: 2026-02-15T00:22:01.008+00:00 | Recent: true | Amount: 2000000 | ValUSD: 0.0030
Event: checkin_fee | Date: 2026-02-15T00:11:53.355+00:00 | Recent: true | Amount: 2000000 | ValUSD: 0.0030
Event: checkin_fee | Date: 2026-02-14T23:52:19.511+00:00 | Recent: true | Amount: 2000000 | ValUSD: 0.0030
Event: checkin_fee | Date: 2026-02-14T23:46:42.614+00:00 | Recent: true | Amount: 2000000 | ValUSD: 0.0030
Event: checkin_fee | Date: 2026-02-14T22:16:06.849+00:00 | Recent: true | Amount: 2000000 | ValUSD: 0.0030
Event: checkin_fee | Date: 2026-02-14T20:51:22.656+00:00 | Recent: true | Amount: 2000000 | ValUSD: 0.0030
Event: checkin_fee | Date: 2026-02-14T20:44:38.696+00:00 | Recent: true | Amount: 2000000 | ValUSD: 0.0030
Event: checkin_fee | Date: 2026-02-14T19:21:02.25+00:00 | Recent: true | Amount: 2000000 | ValUSD: 0.0030
Event: checkin_fee | Date: 2026-02-14T18:09:04.615+00:00 | Recent: true | Amount: 2000000 | ValUSD: 0.0030
Event: checkin_fee | Date: 2026-02-14T18:06:12.064+00:00 | Recent: true | Amount: 2000000 | ValUSD: 0.0030
Event: checkin_fee | Date: 2026-02-14T17:37:21.432+00:00 | Recent: true | Amount: 2000000 | ValUSD: 0.0030
Event: checkin_fee | Date: 2026-02-14T17:33:04.361+00:00 | Recent: true | Amount: 2000000 | ValUSD: 0.0030
Event: checkin_fee | Date: 2026-02-14T17:24:48.691+00:00 | Recent: true | Amount: 2000000 | ValUSD: 0.0030
Event: checkin_fee | Date: 2026-02-14T17:19:54.294+00:00 | Recent: true | Amount: 2000000 | ValUSD: 0.0030
Event: checkin_fee | Date: 2026-02-14T17:01:06.456+00:00 | Recent: true | Amount: 2000000 | ValUSD: 0.0030
Event: checkin_fee | Date: 2026-02-14T16:58:10.404+00:00 | Recent: true | Amount: 2000000 | ValUSD: 0.0030
Event: checkin_fee | Date: 2026-02-14T16:53:31.897+00:00 | Recent: true | Amount: 2000000 | ValUSD: 0.0030
Event: checkin_fee | Date: 2026-02-14T16:42:00.894+00:00 | Recent: true | Amount: 2000000 | ValUSD: 0.0030
Event: checkin_fee | Date: 2026-02-14T16:41:13.174+00:00 | Recent: true | Amount: 2000000 | ValUSD: 0.0030
Event: checkin_fee | Date: 2026-02-14T16:28:22.054+00:00 | Recent: true | Amount: 2000000 | ValUSD: 0.0030
Event: checkin_fee | Date: 2026-02-14T16:20:58.455+00:00 | Recent: true | Amount: 2000000 | ValUSD: 0.0030
Event: checkin_fee | Date: 2026-02-14T16:20:11.743+00:00 | Recent: true | Amount: 2000000 | ValUSD: 0.0030
Event: checkin_fee | Date: 2026-02-14T16:19:37.431+00:00 | Recent: true | Amount: 2000000 | ValUSD: 0.0030
Event: checkin_fee | Date: 2026-02-14T16:03:40.774+00:00 | Recent: true | Amount: 2000000 | ValUSD: 0.0030
Event: checkin_fee | Date: 2026-02-14T15:48:13.198+00:00 | Recent: true | Amount: 2000000 | ValUSD: 0.0030
Event: checkin_fee | Date: 2026-02-14T15:28:03.881+00:00 | Recent: true | Amount: 2000000 | ValUSD: 0.0030
Event: checkin_fee | Date: 2026-02-14T15:25:33.305+00:00 | Recent: true | Amount: 2000000 | ValUSD: 0.0030
Event: checkin_fee | Date: 2026-02-14T15:15:16.338+00:00 | Recent: true | Amount: 2000000 | ValUSD: 0.0030
Event: checkin_fee | Date: 2026-02-14T15:10:40.806+00:00 | Recent: true | Amount: 2000000 | ValUSD: 0.0030
Event: checkin_fee | Date: 2026-02-14T14:42:08.371+00:00 | Recent: true | Amount: 2000000 | ValUSD: 0.0030
Event: checkin_fee | Date: 2026-02-14T14:39:30.018+00:00 | Recent: true | Amount: 2000000 | ValUSD: 0.0030
Event: checkin_fee | Date: 2026-02-14T14:35:24.236+00:00 | Recent: true | Amount: 2000000 | ValUSD: 0.0030
Event: checkin_fee | Date: 2026-02-14T14:25:38.282+00:00 | Recent: true | Amount: 2000000 | ValUSD: 0.0030
Event: checkin_fee | Date: 2026-02-14T14:14:47.259+00:00 | Recent: true | Amount: 2000000 | ValUSD: 0.0030
Event: checkin_fee | Date: 2026-02-14T13:59:38.081+00:00 | Recent: true | Amount: 2000000 | ValUSD: 0.0030
Event: checkin_fee | Date: 2026-02-14T13:40:23.268+00:00 | Recent: true | Amount: 2000000 | ValUSD: 0.0030
Event: checkin_fee | Date: 2026-02-14T13:38:44.684+00:00 | Recent: true | Amount: 2000000 | ValUSD: 0.0030
Event: checkin_fee | Date: 2026-02-14T13:04:33.227+00:00 | Recent: true | Amount: 2000000 | ValUSD: 0.0030
Event: checkin_fee | Date: 2026-02-14T12:55:02.649+00:00 | Recent: true | Amount: 2000000 | ValUSD: 0.0030
Event: checkin_fee | Date: 2026-02-14T11:31:09.002+00:00 | Recent: true | Amount: 2000000 | ValUSD: 0.0030
Event: checkin_fee | Date: 2026-02-14T10:57:26.364+00:00 | Recent: true | Amount: 2000000 | ValUSD: 0.0030
Event: checkin_fee | Date: 2026-02-14T10:46:51.25+00:00 | Recent: true | Amount: 2000000 | ValUSD: 0.0030
Event: checkin_fee | Date: 2026-02-14T10:45:02.871+00:00 | Recent: true | Amount: 2000000 | ValUSD: 0.0030
Event: checkin_fee | Date: 2026-02-14T10:12:17.129+00:00 | Recent: true | Amount: 2000000 | ValUSD: 0.0030
Event: checkin_fee | Date: 2026-02-14T10:11:59.03+00:00 | Recent: true | Amount: 2000000 | ValUSD: 0.0030
Event: checkin_fee | Date: 2026-02-14T09:04:45.268+00:00 | Recent: true | Amount: 2000000 | ValUSD: 0.0030
Event: checkin_fee | Date: 2026-02-14T08:38:17.542+00:00 | Recent: true | Amount: 2000000 | ValUSD: 0.0030
Event: checkin_fee | Date: 2026-02-14T08:16:18.926+00:00 | Recent: true | Amount: 2000000 | ValUSD: 0.0030
Event: checkin_fee | Date: 2026-02-14T08:15:45.941+00:00 | Recent: true | Amount: 2000000 | ValUSD: 0.0030
Event: checkin_fee | Date: 2026-02-14T08:15:05.144+00:00 | Recent: true | Amount: 2000000 | ValUSD: 0.0030
Event: checkin_fee | Date: 2026-02-14T08:14:46.708+00:00 | Recent: true | Amount: 2000000 | ValUSD: 0.0030
Event: checkin_fee | Date: 2026-02-14T08:14:13.508+00:00 | Recent: true | Amount: 2000000 | ValUSD: 0.0030
Event: checkin_fee | Date: 2026-02-14T08:12:36.45+00:00 | Recent: true | Amount: 2000000 | ValUSD: 0.0030
Event: checkin_fee | Date: 2026-02-14T01:03:25.439+00:00 | Recent: true | Amount: 2000000 | ValUSD: 0.0030
Event: checkin_fee | Date: 2026-02-13T23:41:40.603+00:00 | Recent: true | Amount: 2000000 | ValUSD: 0.0030
Event: checkin_fee | Date: 2026-02-13T23:35:29.008+00:00 | Recent: true | Amount: 2000000 | ValUSD: 0.0030
Event: checkin_fee | Date: 2026-02-13T22:27:18.09+00:00 | Recent: true | Amount: 2000000 | ValUSD: 0.0030
Event: checkin_fee | Date: 2026-02-13T19:59:54.282+00:00 | Recent: true | Amount: 2000000 | ValUSD: 0.0030
Event: checkin_fee | Date: 2026-02-13T17:01:11.832+00:00 | Recent: true | Amount: 2000000 | ValUSD: 0.0030
Event: checkin_fee | Date: 2026-02-13T14:49:53.019+00:00 | Recent: true | Amount: 2000000 | ValUSD: 0.0030
Event: checkin_fee | Date: 2026-02-13T11:41:06.04+00:00 | Recent: true | Amount: 2000000 | ValUSD: 0.0030
Event: checkin_fee | Date: 2026-02-13T10:54:36.88+00:00 | Recent: true | Amount: 2000000 | ValUSD: 0.0030
Event: checkin_fee | Date: 2026-02-13T09:09:27.096+00:00 | Recent: true | Amount: 2000000 | ValUSD: 0.0030
Event: checkin_fee | Date: 2026-02-13T08:42:57.163+00:00 | Recent: true | Amount: 2000000 | ValUSD: 0.0030
Event: checkin_fee | Date: 2026-02-13T07:25:25.531+00:00 | Recent: true | Amount: 2000000 | ValUSD: 0.0030
Event: checkin_fee | Date: 2026-02-13T07:23:58.566+00:00 | Recent: true | Amount: 2000000 | ValUSD: 0.0030
Event: checkin_fee | Date: 2026-02-13T07:20:54.245+00:00 | Recent: true | Amount: 2000000 | ValUSD: 0.0030
Event: checkin_fee | Date: 2026-02-13T07:19:43.926+00:00 | Recent: true | Amount: 2000000 | ValUSD: 0.0030
Event: checkin_fee | Date: 2026-02-13T07:17:52.348+00:00 | Recent: true | Amount: 2000000 | ValUSD: 0.0030
Event: checkin_fee | Date: 2026-02-13T07:15:30.951+00:00 | Recent: true | Amount: 2000000 | ValUSD: 0.0030
Event: checkin_fee | Date: 2026-02-13T06:54:59.122+00:00 | Recent: true | Amount: 2000000 | ValUSD: 0.0030
Event: checkin_fee | Date: 2026-02-13T06:52:01.214+00:00 | Recent: true | Amount: 2000000 | ValUSD: 0.0030
Event: checkin_fee | Date: 2026-02-13T06:50:32.969+00:00 | Recent: true | Amount: 2000000 | ValUSD: 0.0030
Event: checkin_fee | Date: 2026-02-13T06:49:05.672+00:00 | Recent: true | Amount: 2000000 | ValUSD: 0.0030
Event: checkin_fee | Date: 2026-02-13T06:48:50.829+00:00 | Recent: true | Amount: 2000000 | ValUSD: 0.0030
Event: checkin_fee | Date: 2026-02-13T06:46:55.813+00:00 | Recent: true | Amount: 2000000 | ValUSD: 0.0030
Event: checkin_fee | Date: 2026-02-13T06:38:39.689+00:00 | Recent: true | Amount: 2000000 | ValUSD: 0.0030
Event: checkin_fee | Date: 2026-02-12T20:39:14.209+00:00 | Recent: true | Amount: 2000000 | ValUSD: 0.0030
Event: checkin_fee | Date: 2026-02-12T19:44:10.81+00:00 | Recent: true | Amount: 2000000 | ValUSD: 0.0030
Event: checkin_fee | Date: 2026-02-12T19:43:59.385+00:00 | Recent: true | Amount: 2000000 | ValUSD: 0.0030
Event: checkin_fee | Date: 2026-02-12T19:43:37.282+00:00 | Recent: true | Amount: 2000000 | ValUSD: 0.0030
Event: checkin_fee | Date: 2026-02-12T19:42:49.065+00:00 | Recent: true | Amount: 2000000 | ValUSD: 0.0030
Event: checkin_fee | Date: 2026-02-12T19:41:52.686+00:00 | Recent: true | Amount: 2000000 | ValUSD: 0.0030
Event: checkin_fee | Date: 2026-02-12T19:40:48.236+00:00 | Recent: true | Amount: 2000000 | ValUSD: 0.0030
Event: checkin_fee | Date: 2026-02-12T19:40:10.809+00:00 | Recent: true | Amount: 2000000 | ValUSD: 0.0030
Event: checkin_fee | Date: 2026-02-12T19:39:34.719+00:00 | Recent: true | Amount: 2000000 | ValUSD: 0.0030
Event: checkin_fee | Date: 2026-02-12T19:37:24.966+00:00 | Recent: true | Amount: 2000000 | ValUSD: 0.0030
Event: checkin_fee | Date: 2026-02-12T19:36:30.333+00:00 | Recent: true | Amount: 2000000 | ValUSD: 0.0030
Event: checkin_fee | Date: 2026-02-12T19:34:02.155+00:00 | Recent: true | Amount: 2000000 | ValUSD: 0.0030
Event: checkin_fee | Date: 2026-02-12T19:31:51.006+00:00 | Recent: true | Amount: 2000000 | ValUSD: 0.0030
Event: checkin_fee | Date: 2026-02-12T19:14:51.397+00:00 | Recent: true | Amount: 2000000 | ValUSD: 0.0030
Event: checkin_fee | Date: 2026-02-12T19:05:30.375+00:00 | Recent: true | Amount: 2000000 | ValUSD: 0.0030
Event: checkin_fee | Date: 2026-02-12T18:46:45.238+00:00 | Recent: true | Amount: 2000000 | ValUSD: 0.0030
Event: checkin_fee | Date: 2026-02-12T18:41:07.995+00:00 | Recent: true | Amount: 2000000 | ValUSD: 0.0030
Event: checkin_fee | Date: 2026-02-12T18:33:50.543+00:00 | Recent: true | Amount: 2000000 | ValUSD: 0.0030
Event: checkin_fee | Date: 2026-02-12T18:19:15.498+00:00 | Recent: true | Amount: 2000000 | ValUSD: 0.0030
Event: checkin_fee | Date: 2026-02-12T18:15:18.111+00:00 | Recent: true | Amount: 2000000 | ValUSD: 0.0030
Event: checkin_fee | Date: 2026-02-12T13:39:11.656+00:00 | Recent: true | Amount: 2000000 | ValUSD: 0.0030
Event: checkin_fee | Date: 2026-02-12T11:56:01.8+00:00 | Recent: true | Amount: 2000000 | ValUSD: 0.0030
Event: checkin_fee | Date: 2026-02-11T21:45:14.099+00:00 | Recent: true | Amount: 2000000 | ValUSD: 0.0030
Event: checkin_fee | Date: 2026-02-11T21:18:53.618+00:00 | Recent: true | Amount: 2000000 | ValUSD: 0.0030
Event: checkin_fee | Date: 2026-02-11T21:16:53.478+00:00 | Recent: true | Amount: 2000000 | ValUSD: 0.0030
Event: checkin_fee | Date: 2026-02-11T21:15:15.389+00:00 | Recent: true | Amount: 2000000 | ValUSD: 0.0030
Event: checkin_fee | Date: 2026-02-11T21:13:29.398+00:00 | Recent: true | Amount: 2000000 | ValUSD: 0.0030
Event: checkin_fee | Date: 2026-02-11T21:09:38.393+00:00 | Recent: true | Amount: 2000000 | ValUSD: 0.0030
Event: checkin_fee | Date: 2026-02-11T21:06:02.682+00:00 | Recent: true | Amount: 2000000 | ValUSD: 0.0030
Event: checkin_fee | Date: 2026-02-11T21:01:56.964+00:00 | Recent: true | Amount: 2000000 | ValUSD: 0.0030
Event: checkin_fee | Date: 2026-02-11T20:44:11.366+00:00 | Recent: true | Amount: 2000000 | ValUSD: 0.0030
Event: checkin_fee | Date: 2026-02-11T20:41:25.257+00:00 | Recent: true | Amount: 2000000 | ValUSD: 0.0030
Event: checkin_fee | Date: 2026-02-11T20:33:59.647+00:00 | Recent: true | Amount: 2000000 | ValUSD: 0.0030
Event: checkin_fee | Date: 2026-02-11T20:04:40.719+00:00 | Recent: true | Amount: 2000000 | ValUSD: 0.0030
Event: checkin_fee | Date: 2026-02-11T19:44:35.256+00:00 | Recent: true | Amount: 2000000 | ValUSD: 0.0030
Event: checkin_fee | Date: 2026-02-11T19:24:28.778+00:00 | Recent: true | Amount: 2000000 | ValUSD: 0.0030
Event: checkin_fee | Date: 2026-02-11T19:13:42.135+00:00 | Recent: true | Amount: 2000000 | ValUSD: 0.0030
Event: checkin_fee | Date: 2026-02-11T19:09:26.833+00:00 | Recent: true | Amount: 2000000 | ValUSD: 0.0030
Event: checkin_fee | Date: 2026-02-11T18:50:56.298+00:00 | Recent: true | Amount: 2000000 | ValUSD: 0.0030
Event: checkin_fee | Date: 2026-02-11T18:50:31.236+00:00 | Recent: true | Amount: 2000000 | ValUSD: 0.0030
Event: checkin_fee | Date: 2026-02-11T18:44:12.867+00:00 | Recent: true | Amount: 2000000 | ValUSD: 0.0030
Event: checkin_fee | Date: 2026-02-11T18:42:12.721+00:00 | Recent: true | Amount: 2000000 | ValUSD: 0.0030
Event: checkin_fee | Date: 2026-02-11T18:40:34.91+00:00 | Recent: true | Amount: 2000000 | ValUSD: 0.0030
Event: checkin_fee | Date: 2026-02-11T18:09:59.089+00:00 | Recent: true | Amount: 2000000 | ValUSD: 0.0030
--------------------------------------------------
Total Lifetime Revenue: $568.19
Revenue Last 30d:       $568.19
